<?xml version="1.0" encoding="UTF-8"?>
<robot generator="Robot 4.0 (Python 3.9.1 on win32)" generated="20210328 12:22:33.996" rpa="false" schemaversion="2">
<suite id="s1" name="Testfile" source="C:\Users\Юлия\PycharmProjects\testProject\Testfile.robot">
<test id="s1-t1" name="printing variable on console">
<kw name="Log To Console" library="BuiltIn">
<arg>${Variable1}</arg>
<doc>Logs the given message to the console.</doc>
<status status="PASS" starttime="20210328 12:22:34.369" endtime="20210328 12:22:34.369"/>
</kw>
<kw name="Log To Console" library="BuiltIn">
<arg>${Variable2}</arg>
<doc>Logs the given message to the console.</doc>
<status status="PASS" starttime="20210328 12:22:34.369" endtime="20210328 12:22:34.370"/>
</kw>
<kw name="Log" library="BuiltIn">
<arg>${Variable1}</arg>
<doc>Logs the given message with the given level.</doc>
<msg timestamp="20210328 12:22:34.370" level="INFO">'Printing variable V1'</msg>
<status status="PASS" starttime="20210328 12:22:34.370" endtime="20210328 12:22:34.370"/>
</kw>
<kw name="Log" library="BuiltIn">
<arg>${Variable2}</arg>
<doc>Logs the given message with the given level.</doc>
<msg timestamp="20210328 12:22:34.370" level="INFO">'Printing variable V2'</msg>
<status status="PASS" starttime="20210328 12:22:34.370" endtime="20210328 12:22:34.370"/>
</kw>
<tag>Smoke</tag>
<status status="PASS" starttime="20210328 12:22:34.368" endtime="20210328 12:22:34.370"/>
</test>
<doc>A simple example to launching aihitdata url and login</doc>
<status status="PASS" starttime="20210328 12:22:34.000" endtime="20210328 12:22:34.371"/>
</suite>
<statistics>
<total>
<stat pass="1" fail="0" skip="0">All Tests</stat>
</total>
<tag>
<stat pass="1" fail="0" skip="0">Smoke</stat>
</tag>
<suite>
<stat pass="1" fail="0" skip="0" id="s1" name="Testfile">Testfile</stat>
</suite>
</statistics>
<errors>
</errors>
</robot>
