<?xml version="1.0" encoding="UTF-8"?>
<robot generator="Robot 4.0 (Python 3.9.1 on win32)" generated="20210329 23:46:13.968" rpa="false" schemaversion="2">
<suite id="s1" name="companySearch" source="C:\Users\Юлия\PycharmProjects\testProject\Testcase\companySearch.robot">
<test id="s1-t1" name="[TC01] Launch Website and search a company&#10;">
<kw name="Lunch Website using chrome browser">
<kw name="Open Browser" library="Selenium2Library">
<arg>${BaseUrl}</arg>
<arg>${browserName}</arg>
<doc>Opens a new browser instance to the optional ``url``.</doc>
<msg timestamp="20210329 23:46:14.441" level="INFO">Opening browser 'Chrome' to base url 'https://www.aihitdata.com/'.</msg>
<status status="PASS" starttime="20210329 23:46:14.441" endtime="20210329 23:46:19.521"/>
</kw>
<kw name="Maximize Browser Window" library="Selenium2Library">
<doc>Maximizes current browser window.</doc>
<status status="PASS" starttime="20210329 23:46:19.521" endtime="20210329 23:46:19.695"/>
</kw>
<kw name="Title Should Be" library="Selenium2Library">
<arg>The Company Database | aiHit</arg>
<doc>Verifies that the current page title equals ``title``.</doc>
<msg timestamp="20210329 23:46:19.713" level="INFO">Page title is 'The Company Database | aiHit'.</msg>
<status status="PASS" starttime="20210329 23:46:19.696" endtime="20210329 23:46:19.713"/>
</kw>
<kw name="Sleep" library="BuiltIn">
<arg>2</arg>
<doc>Pauses the test executed for the given time.</doc>
<msg timestamp="20210329 23:46:21.725" level="INFO">Slept 2 seconds</msg>
<status status="PASS" starttime="20210329 23:46:19.713" endtime="20210329 23:46:21.726"/>
</kw>
<status status="PASS" starttime="20210329 23:46:14.440" endtime="20210329 23:46:21.727"/>
</kw>
<kw name="Search a company">
<arg>${country}</arg>
<kw name="Input Text" library="Selenium2Library">
<arg>xpath= //input[@placeholder="Country, City, Postcode, etc." ]</arg>
<arg>${country}</arg>
<doc>Types the given ``text`` into the text field identified by ``locator``.</doc>
<msg timestamp="20210329 23:46:21.732" level="INFO">Typing text 'USA' into text field 'xpath= //input[@placeholder="Country, City, Postcode, etc." ]'.</msg>
<status status="PASS" starttime="20210329 23:46:21.730" endtime="20210329 23:46:21.913"/>
</kw>
<kw name="Input Text" library="Selenium2Library">
<arg>xpath= //input[@placeholder="Company Description, Industry, etc." ]</arg>
<arg>${companyDescription}</arg>
<doc>Types the given ``text`` into the text field identified by ``locator``.</doc>
<msg timestamp="20210329 23:46:21.914" level="INFO">Typing text 'mortgage' into text field 'xpath= //input[@placeholder="Company Description, Industry, etc." ]'.</msg>
<status status="PASS" starttime="20210329 23:46:21.913" endtime="20210329 23:46:22.008"/>
</kw>
<kw name="Click Button" library="Selenium2Library">
<arg>xpath=//button[@class="btn btn-info btn-block"]</arg>
<doc>Clicks the button identified by ``locator``.</doc>
<msg timestamp="20210329 23:46:22.009" level="INFO">Clicking button 'xpath=//button[@class="btn btn-info btn-block"]'.</msg>
<status status="PASS" starttime="20210329 23:46:22.008" endtime="20210329 23:46:23.781"/>
</kw>
<kw name="Sleep" library="BuiltIn">
<arg>2</arg>
<doc>Pauses the test executed for the given time.</doc>
<msg timestamp="20210329 23:46:25.793" level="INFO">Slept 2 seconds</msg>
<status status="PASS" starttime="20210329 23:46:23.781" endtime="20210329 23:46:25.793"/>
</kw>
<status status="PASS" starttime="20210329 23:46:21.729" endtime="20210329 23:46:25.793"/>
</kw>
<tag>functional</tag>
<status status="PASS" starttime="20210329 23:46:14.439" endtime="20210329 23:46:25.794"/>
</test>
<test id="s1-t2" name="[TC02] Verify that Website is able to fetch the search results">
<kw name="Page Should Contain" library="Selenium2Library">
<arg>results</arg>
<doc>Verifies that current page contains ``text``.</doc>
<msg timestamp="20210329 23:46:25.819" level="INFO">Current page contains text 'results'.</msg>
<status status="PASS" starttime="20210329 23:46:25.796" endtime="20210329 23:46:25.820"/>
</kw>
<kw name="Sleep" library="BuiltIn">
<arg>2</arg>
<doc>Pauses the test executed for the given time.</doc>
<msg timestamp="20210329 23:46:27.829" level="INFO">Slept 2 seconds</msg>
<status status="PASS" starttime="20210329 23:46:25.820" endtime="20210329 23:46:27.829"/>
</kw>
<kw name="Close Browser" library="Selenium2Library">
<doc>Closes the current browser.</doc>
<status status="PASS" starttime="20210329 23:46:27.829" endtime="20210329 23:46:29.979"/>
</kw>
<tag>functional</tag>
<status status="PASS" starttime="20210329 23:46:25.795" endtime="20210329 23:46:29.981"/>
</test>
<doc>Create a simple test script to validate, the user is able to search product on ebay.com
[TC01] Launch Website and search a company
[TC02] Verify that application is able to fetch the search results</doc>
<status status="PASS" starttime="20210329 23:46:13.977" endtime="20210329 23:46:29.988"/>
</suite>
<statistics>
<total>
<stat pass="2" fail="0" skip="0">All Tests</stat>
</total>
<tag>
<stat pass="2" fail="0" skip="0">functional</stat>
</tag>
<suite>
<stat pass="2" fail="0" skip="0" id="s1" name="companySearch">companySearch</stat>
</suite>
</statistics>
<errors>
</errors>
</robot>
